cultraview/NewLauncher/app/build/intermediates/manifest_merge_blame_file/debug/manifest-merger-blame-debug-report.txt
1<?xml version="1.0" encoding="utf-8"?>
2<manifest xmlns:android="http://schemas.android.com/apk/res/android"
3    package="com.ctv.newlauncher"
4    android:sharedUserId="android.uid.system"
5    android:versionCode="1"
6    android:versionName="1.0" >
7
8    <uses-sdk
9        android:minSdkVersion="23"
9-->src/main/AndroidManifest.xml
10        android:targetSdkVersion="28" />
10-->src/main/AndroidManifest.xml
11
12    <uses-permission android:name="andcom.android.cultraview.launcher.whiteboardroid.permission.ACCESS_WIFI_STATE" />
12-->src/main/AndroidManifest.xml:8:5-118
12-->src/main/AndroidManifest.xml:8:22-115
13    <uses-permission android:name="android.permission.INTERNET" />
13-->src/main/AndroidManifest.xml:9:5-67
13-->src/main/AndroidManifest.xml:9:22-64
14    <uses-permission android:name="android.permission.ACCESS_NETWORK_STATE" />
14-->src/main/AndroidManifest.xml:10:5-79
14-->src/main/AndroidManifest.xml:10:22-76
15    <uses-permission android:name="android.permission.WRITE_SETTINGS" />
15-->src/main/AndroidManifest.xml:11:5-73
15-->src/main/AndroidManifest.xml:11:22-70
16    <uses-permission android:name="android.permission.WRITE_SECURE_SETTINGS" />
16-->src/main/AndroidManifest.xml:12:5-80
16-->src/main/AndroidManifest.xml:12:22-77
17    <uses-permission android:name="android.permission.READ_SETTINGS" />
17-->src/main/AndroidManifest.xml:13:5-72
17-->src/main/AndroidManifest.xml:13:22-69
18    <uses-permission android:name="android.permission.CHANGE_WIFI_STATE" />
18-->src/main/AndroidManifest.xml:14:5-76
18-->src/main/AndroidManifest.xml:14:22-73
19    <uses-permission android:name="android.permission.INTERNET" />
19-->src/main/AndroidManifest.xml:9:5-67
19-->src/main/AndroidManifest.xml:9:22-64
20    <uses-permission android:name="android.permission.ACCESS_WIFI_STATE" />
20-->src/main/AndroidManifest.xml:17:5-76
20-->src/main/AndroidManifest.xml:17:22-73
21
22    <application
22-->src/main/AndroidManifest.xml:19:5-58:19
23        android:allowBackup="true"
23-->src/main/AndroidManifest.xml:20:9-35
24        android:anyDensity="true"
24-->src/main/AndroidManifest.xml:21:9-34
25        android:appComponentFactory="androidx.core.app.CoreComponentFactory"
25-->[androidx.core:core:1.0.1] AndroidManifest.xml:22:18-86
26        android:debuggable="true"
27        android:icon="@mipmap/ic_launcher"
27-->src/main/AndroidManifest.xml:22:9-43
28        android:label="@string/app_name"
28-->src/main/AndroidManifest.xml:23:9-41
29        android:roundIcon="@mipmap/ic_launcher_round"
29-->src/main/AndroidManifest.xml:24:9-54
30        android:supportsRtl="true"
30-->src/main/AndroidManifest.xml:25:9-35
31        android:theme="@style/AppTheme" >
31-->src/main/AndroidManifest.xml:26:9-40
32        <receiver android:name="com.ctv.newlauncher.reservice.DataChangeReciver" >
32-->src/main/AndroidManifest.xml:27:9-34:20
32-->src/main/AndroidManifest.xml:28:13-75
33            <intent-filter>
33-->src/main/AndroidManifest.xml:30:13-33:29
34                <action android:name="android.intent.action.TIME_SET" />
34-->src/main/AndroidManifest.xml:31:17-72
34-->src/main/AndroidManifest.xml:31:25-70
35                <action android:name="android.intent.action.TIMEZONE_CHANGED" />
35-->src/main/AndroidManifest.xml:32:17-80
35-->src/main/AndroidManifest.xml:32:25-78
36            </intent-filter>
37        </receiver>
38
39        <service android:name="com.ctv.newlauncher.service.Theme1TimeService" />
39-->src/main/AndroidManifest.xml:36:9-38:15
39-->src/main/AndroidManifest.xml:37:13-73
40
41        <activity
41-->src/main/AndroidManifest.xml:40:9-57:20
42            android:name="com.ctv.newlauncher.MainActivity"
42-->src/main/AndroidManifest.xml:41:13-60
43            android:clearTaskOnLaunch="true"
43-->src/main/AndroidManifest.xml:42:13-45
44            android:enabled="true"
44-->src/main/AndroidManifest.xml:43:13-35
45            android:launchMode="singleTask"
45-->src/main/AndroidManifest.xml:44:13-44
46            android:resumeWhilePausing="true"
46-->src/main/AndroidManifest.xml:45:13-46
47            android:screenOrientation="nosensor"
47-->src/main/AndroidManifest.xml:46:13-49
48            android:stateNotNeeded="true"
48-->src/main/AndroidManifest.xml:47:13-42
49            android:taskAffinity=""
49-->src/main/AndroidManifest.xml:48:13-36
50            android:windowSoftInputMode="adjustPan" >
50-->src/main/AndroidManifest.xml:49:13-52
51            <intent-filter>
51-->src/main/AndroidManifest.xml:50:13-56:29
52                <action android:name="android.intent.action.MAIN" />
52-->src/main/AndroidManifest.xml:51:17-69
52-->src/main/AndroidManifest.xml:51:25-66
53
54                <category android:name="android.intent.category.HOME" />
54-->src/main/AndroidManifest.xml:53:17-73
54-->src/main/AndroidManifest.xml:53:27-70
55                <category android:name="android.intent.category.DEFAULT" />
55-->src/main/AndroidManifest.xml:54:17-76
55-->src/main/AndroidManifest.xml:54:27-73
56                <category android:name="android.intent.category.LAUNCHER" />
56-->src/main/AndroidManifest.xml:55:17-77
56-->src/main/AndroidManifest.xml:55:27-74
57            </intent-filter>
58        </activity>
59    </application>
60
61</manifest>